<?xml version="1.0" encoding="UTF-8"?>
<!-- Generated by org.testng.reporters.JUnitXMLReporter -->
<testsuite hostname="sourceandroid" name="Test" tests="5" failures="0" timestamp="3 Dec 2018 08:08:49 GMT" time="0.059" errors="0">
  <testcase name="Car1" time="0.012" classname="testng.Groupsdemo"/>
  <testcase name="Car2" time="0.004" classname="testng.Groupsdemo"/>
  <testcase name="Scooter1" time="0.002" classname="testng.Groupsdemo"/>
  <testcase name="Scooter2" time="0.002" classname="testng.Groupsdemo"/>
  <testcase name="Sedan1" time="0.002" classname="testng.Groupsdemo"/>
</testsuite> <!-- Test -->
