<?xml version="1.0" encoding="UTF-8"?>
<testng-results skipped="0" failed="1" total="1" passed="0">
  <reporter-output>
  </reporter-output>
  <suite name="Default suite" duration-ms="23" started-at="2019-10-04T11:59:51Z" finished-at="2019-10-04T11:59:51Z">
    <groups>
    </groups>
    <test name="Default test" duration-ms="23" started-at="2019-10-04T11:59:51Z" finished-at="2019-10-04T11:59:51Z">
      <class name="parametrizedemo.ParameterWithTestNGXML">
        <test-method status="FAIL" signature="testParameter(java.lang.String, java.lang.String)[pri:0, instance:parametrizedemo.ParameterWithTestNGXML@3abbfa04]" name="testParameter" duration-ms="0" started-at="2019-10-04T17:29:51Z" finished-at="2019-10-04T17:29:51Z">
          <exception class="org.testng.TestNGException">
            <message>
              <![CDATA[
Parameter 'searchKey' is required by @Test on method testParameter but has not been marked @Optional or defined
in C:\Users\shubham\AppData\Local\Temp\testng-eclipse--445041063\testng-customsuite.xml]]>
            </message>
            <full-stacktrace>
              <![CDATA[org.testng.TestNGException: 
Parameter 'searchKey' is required by @Test on method testParameter but has not been marked @Optional or defined
in C:\Users\shubham\AppData\Local\Temp\testng-eclipse--445041063\testng-customsuite.xml
	at org.testng.internal.Parameters.createParameters(Parameters.java:155)
	at org.testng.internal.Parameters.createParameters(Parameters.java:358)
	at org.testng.internal.Parameters.handleParameters(Parameters.java:450)
	at org.testng.internal.Invoker.handleParameters(Invoker.java:1383)
	at org.testng.internal.Invoker.createParameters(Invoker.java:1075)
	at org.testng.internal.Invoker.invokeTestMethods(Invoker.java:1180)
	at org.testng.internal.TestMethodWorker.invokeTestMethods(TestMethodWorker.java:127)
	at org.testng.internal.TestMethodWorker.run(TestMethodWorker.java:111)
	at org.testng.TestRunner.privateRun(TestRunner.java:767)
	at org.testng.TestRunner.run(TestRunner.java:617)
	at org.testng.SuiteRunner.runTest(SuiteRunner.java:334)
	at org.testng.SuiteRunner.runSequentially(SuiteRunner.java:329)
	at org.testng.SuiteRunner.privateRun(SuiteRunner.java:291)
	at org.testng.SuiteRunner.run(SuiteRunner.java:240)
	at org.testng.SuiteRunnerWorker.runSuite(SuiteRunnerWorker.java:52)
	at org.testng.SuiteRunnerWorker.run(SuiteRunnerWorker.java:86)
	at org.testng.TestNG.runSuitesSequentially(TestNG.java:1224)
	at org.testng.TestNG.runSuitesLocally(TestNG.java:1149)
	at org.testng.TestNG.run(TestNG.java:1057)
	at org.testng.remote.AbstractRemoteTestNG.run(AbstractRemoteTestNG.java:132)
	at org.testng.remote.RemoteTestNG.initAndRun(RemoteTestNG.java:230)
	at org.testng.remote.RemoteTestNG.main(RemoteTestNG.java:76)
]]>
            </full-stacktrace>
          </exception> <!-- org.testng.TestNGException -->
          <reporter-output>
          </reporter-output>
        </test-method> <!-- testParameter -->
      </class> <!-- parametrizedemo.ParameterWithTestNGXML -->
    </test> <!-- Default test -->
  </suite> <!-- Default suite -->
</testng-results>
