<?xml version="1.0" encoding="UTF-8"?>
<testng-results skipped="0" failed="0" total="2" passed="2">
  <reporter-output>
  </reporter-output>
  <suite name="Default suite" duration-ms="63" started-at="2019-08-23T12:19:54Z" finished-at="2019-08-23T12:19:54Z">
    <groups>
    </groups>
    <test name="Default test" duration-ms="63" started-at="2019-08-23T12:19:54Z" finished-at="2019-08-23T12:19:54Z">
      <class name="demo.AllTestNg">
        <test-method status="PASS" signature="m1()[pri:0, instance:demo.AllTestNg@239963d8]" name="m1" is-config="true" duration-ms="0" started-at="2019-08-23T17:49:54Z" finished-at="2019-08-23T17:49:54Z">
          <reporter-output>
          </reporter-output>
        </test-method> <!-- m1 -->
        <test-method status="PASS" signature="m2()[pri:0, instance:demo.AllTestNg@239963d8]" name="m2" duration-ms="31" started-at="2019-08-23T17:49:54Z" finished-at="2019-08-23T17:49:54Z">
          <reporter-output>
          </reporter-output>
        </test-method> <!-- m2 -->
        <test-method status="PASS" signature="m3()[pri:0, instance:demo.AllTestNg@239963d8]" name="m3" duration-ms="0" started-at="2019-08-23T17:49:54Z" finished-at="2019-08-23T17:49:54Z">
          <reporter-output>
          </reporter-output>
        </test-method> <!-- m3 -->
        <test-method status="PASS" signature="m4()[pri:0, instance:demo.AllTestNg@239963d8]" name="m4" is-config="true" duration-ms="0" started-at="2019-08-23T17:49:54Z" finished-at="2019-08-23T17:49:54Z">
          <reporter-output>
          </reporter-output>
        </test-method> <!-- m4 -->
      </class> <!-- demo.AllTestNg -->
    </test> <!-- Default test -->
  </suite> <!-- Default suite -->
</testng-results>
